[debug] [2021-02-21T20:02:29.650Z] ----------------------------------------------------------------------
[debug] [2021-02-21T20:02:29.654Z] Command:       /usr/local/bin/node /usr/local/bin/firebase emulators:start --only functions
[debug] [2021-02-21T20:02:29.655Z] CLI Version:   9.4.0
[debug] [2021-02-21T20:02:29.655Z] Platform:      darwin
[debug] [2021-02-21T20:02:29.655Z] Node Version:  v14.15.0
[debug] [2021-02-21T20:02:29.660Z] Time:          Sun Feb 21 2021 17:02:29 GMT-0300 (hora estándar de Argentina)
[debug] [2021-02-21T20:02:29.660Z] ----------------------------------------------------------------------
[debug] [2021-02-21T20:02:29.661Z] 
[debug] [2021-02-21T20:02:29.665Z] >>> [apiv2][query] GET https://firebase-public.firebaseio.com/cli.json [none]
[debug] [2021-02-21T20:02:29.712Z] > command requires scopes: ["email","openid","https://www.googleapis.com/auth/cloudplatformprojects.readonly","https://www.googleapis.com/auth/firebase","https://www.googleapis.com/auth/cloud-platform"]
[debug] [2021-02-21T20:02:29.713Z] > authorizing via signed-in user
[info] i  emulators: Starting emulators: functions {"metadata":{"emulator":{"name":"hub"},"message":"Starting emulators: functions"}}
[debug] [2021-02-21T20:02:29.782Z] [hub] writing locator at /var/folders/yj/7jzdvxhx5ll9ym_cgw5nl_n80000gn/T/hub-ecom-solo.json
[warn] ⚠  functions: The following emulators are not running, calls to these services from the Functions emulator will affect production: auth, firestore, database, hosting, pubsub {"metadata":{"emulator":{"name":"functions"},"message":"The following emulators are not running, calls to these services from the Functions emulator will affect production: \u001b[1mauth, firestore, database, hosting, pubsub\u001b[22m"}}
[info] ✔  functions: Using node@14 from host. {"metadata":{"emulator":{"name":"functions"},"message":"Using node@14 from host."}}
[debug] [2021-02-21T20:02:29.816Z] defaultcredentials: writing to file /Users/ifloyd/.config/firebase/ifloyd1912_gmail_com_application_default_credentials.json
[debug] [2021-02-21T20:02:29.824Z] Setting GAC to /Users/ifloyd/.config/firebase/ifloyd1912_gmail_com_application_default_credentials.json {"metadata":{"emulator":{"name":"functions"},"message":"Setting GAC to /Users/ifloyd/.config/firebase/ifloyd1912_gmail_com_application_default_credentials.json"}}
[debug] [2021-02-21T20:02:29.825Z] > refreshing access token with scopes: []
[debug] [2021-02-21T20:02:29.826Z] >>> HTTP REQUEST POST https://www.googleapis.com/oauth2/v3/token  
 <request body omitted>
[debug] [2021-02-21T20:02:30.005Z] <<< HTTP RESPONSE 200 {"pragma":"no-cache","date":"Sun, 21 Feb 2021 20:02:30 GMT","expires":"Mon, 01 Jan 1990 00:00:00 GMT","cache-control":"no-cache, no-store, max-age=0, must-revalidate","content-type":"application/json; charset=utf-8","vary":"X-Origin, Referer, Origin,Accept-Encoding","server":"scaffolding on HTTPServer2","x-xss-protection":"0","x-frame-options":"SAMEORIGIN","x-content-type-options":"nosniff","alt-svc":"h3-29=\":443\"; ma=2592000,h3-T051=\":443\"; ma=2592000,h3-Q050=\":443\"; ma=2592000,h3-Q046=\":443\"; ma=2592000,h3-Q043=\":443\"; ma=2592000,quic=\":443\"; ma=2592000; v=\"46,43\"","accept-ranges":"none","transfer-encoding":"chunked"}
[debug] [2021-02-21T20:02:30.023Z] >>> [apiv2][query] GET https://firebase.googleapis.com/v1beta1/projects/ecom-solo/adminSdkConfig [none]
[debug] [2021-02-21T20:02:30.410Z] <<< [apiv2][status] GET https://firebase-public.firebaseio.com/cli.json 200
[debug] [2021-02-21T20:02:30.411Z] <<< [apiv2][body] GET https://firebase-public.firebaseio.com/cli.json {"cloudBuildErrorAfter":1594252800000,"cloudBuildWarnAfter":1590019200000,"defaultNode10After":1594252800000,"minVersion":"3.0.5","node8DeploysDisabledAfter":1613390400000,"node8RuntimeDisabledAfter":1615809600000,"node8WarnAfter":1600128000000}
[debug] [2021-02-21T20:02:31.099Z] <<< [apiv2][status] GET https://firebase.googleapis.com/v1beta1/projects/ecom-solo/adminSdkConfig 200
[debug] [2021-02-21T20:02:31.099Z] <<< [apiv2][body] GET https://firebase.googleapis.com/v1beta1/projects/ecom-solo/adminSdkConfig {"projectId":"ecom-solo","storageBucket":"ecom-solo.appspot.com","locationId":"southamerica-east1"}
[debug] [2021-02-21T20:02:31.140Z] Ignoring unsupported arg: auto_download {"metadata":{"emulator":{"name":"ui"},"message":"Ignoring unsupported arg: auto_download"}}
[debug] [2021-02-21T20:02:31.140Z] Ignoring unsupported arg: port {"metadata":{"emulator":{"name":"ui"},"message":"Ignoring unsupported arg: port"}}
[debug] [2021-02-21T20:02:31.141Z] Starting Emulator UI with command {"binary":"node","args":["/Users/ifloyd/.cache/firebase/emulators/ui-v1.4.1/server.bundle.js"],"optionalArgs":[],"joinArgs":false} {"metadata":{"emulator":{"name":"ui"},"message":"Starting Emulator UI with command {\"binary\":\"node\",\"args\":[\"/Users/ifloyd/.cache/firebase/emulators/ui-v1.4.1/server.bundle.js\"],\"optionalArgs\":[],\"joinArgs\":false}"}}
[info] i  ui: Emulator UI logging to ui-debug.log {"metadata":{"emulator":{"name":"ui"},"message":"Emulator UI logging to \u001b[1mui-debug.log\u001b[22m"}}
[debug] [2021-02-21T20:02:31.278Z] Web / API server started at http://localhost:4000
 {"metadata":{"emulator":{"name":"ui"},"message":"Web / API server started at http://localhost:4000\n"}}
[info] i  functions: Watching "/Users/ifloyd/Documents/ecom-solo/functions" for Cloud Functions... {"metadata":{"emulator":{"name":"functions"},"message":"Watching \"/Users/ifloyd/Documents/ecom-solo/functions\" for Cloud Functions..."}}
[debug] [2021-02-21T20:02:31.455Z] [worker-pool] addWorker(~diagnostic~) {"metadata":{"emulator":{"name":"functions"},"message":"[worker-pool] addWorker(~diagnostic~)"}}
[debug] [2021-02-21T20:02:31.455Z] [worker-pool] Adding worker with key ~diagnostic~, total=1 {"metadata":{"emulator":{"name":"functions"},"message":"[worker-pool] Adding worker with key ~diagnostic~, total=1"}}
[debug] [2021-02-21T20:02:31.455Z] [worker-pool] submitWork(triggerId=) {"metadata":{"emulator":{"name":"functions"},"message":"[worker-pool] submitWork(triggerId=)"}}
[debug] [2021-02-21T20:02:31.456Z] [worker-~diagnostic~-4d86faff-88df-4f12-b588-445cb8c375e8]: Assigning socketPath: /var/folders/yj/7jzdvxhx5ll9ym_cgw5nl_n80000gn/T/fire_emu_1965.sock {"metadata":{"emulator":{"name":"functions"},"message":"[worker-~diagnostic~-4d86faff-88df-4f12-b588-445cb8c375e8]: Assigning socketPath: /var/folders/yj/7jzdvxhx5ll9ym_cgw5nl_n80000gn/T/fire_emu_1965.sock"}}
[debug] [2021-02-21T20:02:31.457Z] [worker-~diagnostic~-4d86faff-88df-4f12-b588-445cb8c375e8]: BUSY {"metadata":{"emulator":{"name":"functions"},"message":"[worker-~diagnostic~-4d86faff-88df-4f12-b588-445cb8c375e8]: BUSY"}}
[debug] [2021-02-21T20:02:31.651Z] [runtime-status] [1965] Functions runtime initialized. {"cwd":"/Users/ifloyd/Documents/ecom-solo/functions","node_version":"14.15.0"} {"metadata":{"emulator":{"name":"functions"},"message":"[runtime-status] [1965] Functions runtime initialized. {\"cwd\":\"/Users/ifloyd/Documents/ecom-solo/functions\",\"node_version\":\"14.15.0\"}"}}
[debug] [2021-02-21T20:02:31.652Z] [runtime-status] [1965] Disabled runtime features: undefined {"metadata":{"emulator":{"name":"functions"},"message":"[runtime-status] [1965] Disabled runtime features: undefined"}}
[debug] [2021-02-21T20:02:31.659Z] [runtime-status] [1965] Resolved module firebase-admin {"declared":true,"installed":true,"version":"9.5.0","resolution":"/Users/ifloyd/Documents/ecom-solo/functions/node_modules/firebase-admin/lib/index.js"} {"metadata":{"emulator":{"name":"functions"},"message":"[runtime-status] [1965] Resolved module firebase-admin {\"declared\":true,\"installed\":true,\"version\":\"9.5.0\",\"resolution\":\"/Users/ifloyd/Documents/ecom-solo/functions/node_modules/firebase-admin/lib/index.js\"}"}}
[debug] [2021-02-21T20:02:31.664Z] [runtime-status] [1965] Resolved module firebase-functions {"declared":true,"installed":true,"version":"3.13.1","resolution":"/Users/ifloyd/Documents/ecom-solo/functions/node_modules/firebase-functions/lib/index.js"} {"metadata":{"emulator":{"name":"functions"},"message":"[runtime-status] [1965] Resolved module firebase-functions {\"declared\":true,\"installed\":true,\"version\":\"3.13.1\",\"resolution\":\"/Users/ifloyd/Documents/ecom-solo/functions/node_modules/firebase-functions/lib/index.js\"}"}}
[debug] [2021-02-21T20:02:31.668Z] [runtime-status] [1965] Resolved module firebase-functions {"declared":true,"installed":true,"version":"3.13.1","resolution":"/Users/ifloyd/Documents/ecom-solo/functions/node_modules/firebase-functions/lib/index.js"} {"metadata":{"emulator":{"name":"functions"},"message":"[runtime-status] [1965] Resolved module firebase-functions {\"declared\":true,\"installed\":true,\"version\":\"3.13.1\",\"resolution\":\"/Users/ifloyd/Documents/ecom-solo/functions/node_modules/firebase-functions/lib/index.js\"}"}}
[debug] [2021-02-21T20:02:31.670Z] [runtime-status] [1965] Outgoing network have been stubbed. [{"name":"http","status":"mocked"},{"name":"http","status":"mocked"},{"name":"https","status":"mocked"},{"name":"https","status":"mocked"},{"name":"net","status":"mocked"}] {"metadata":{"emulator":{"name":"functions"},"message":"[runtime-status] [1965] Outgoing network have been stubbed. [{\"name\":\"http\",\"status\":\"mocked\"},{\"name\":\"http\",\"status\":\"mocked\"},{\"name\":\"https\",\"status\":\"mocked\"},{\"name\":\"https\",\"status\":\"mocked\"},{\"name\":\"net\",\"status\":\"mocked\"}]"}}
[debug] [2021-02-21T20:02:31.673Z] [runtime-status] [1965] Resolved module firebase-functions {"declared":true,"installed":true,"version":"3.13.1","resolution":"/Users/ifloyd/Documents/ecom-solo/functions/node_modules/firebase-functions/lib/index.js"} {"metadata":{"emulator":{"name":"functions"},"message":"[runtime-status] [1965] Resolved module firebase-functions {\"declared\":true,\"installed\":true,\"version\":\"3.13.1\",\"resolution\":\"/Users/ifloyd/Documents/ecom-solo/functions/node_modules/firebase-functions/lib/index.js\"}"}}
[debug] [2021-02-21T20:02:31.823Z] [runtime-status] [1965] Checked functions.config() {"config":{}} {"metadata":{"emulator":{"name":"functions"},"message":"[runtime-status] [1965] Checked functions.config() {\"config\":{}}"}}
[debug] [2021-02-21T20:02:31.824Z] [runtime-status] [1965] firebase-functions has been stubbed. {"functionsResolution":{"declared":true,"installed":true,"version":"3.13.1","resolution":"/Users/ifloyd/Documents/ecom-solo/functions/node_modules/firebase-functions/lib/index.js"}} {"metadata":{"emulator":{"name":"functions"},"message":"[runtime-status] [1965] firebase-functions has been stubbed. {\"functionsResolution\":{\"declared\":true,\"installed\":true,\"version\":\"3.13.1\",\"resolution\":\"/Users/ifloyd/Documents/ecom-solo/functions/node_modules/firebase-functions/lib/index.js\"}}"}}
[debug] [2021-02-21T20:02:31.825Z] [runtime-status] [1965] Resolved module firebase-functions {"declared":true,"installed":true,"version":"3.13.1","resolution":"/Users/ifloyd/Documents/ecom-solo/functions/node_modules/firebase-functions/lib/index.js"} {"metadata":{"emulator":{"name":"functions"},"message":"[runtime-status] [1965] Resolved module firebase-functions {\"declared\":true,\"installed\":true,\"version\":\"3.13.1\",\"resolution\":\"/Users/ifloyd/Documents/ecom-solo/functions/node_modules/firebase-functions/lib/index.js\"}"}}
[debug] [2021-02-21T20:02:31.827Z] [runtime-status] [1965] Resolved module firebase-admin {"declared":true,"installed":true,"version":"9.5.0","resolution":"/Users/ifloyd/Documents/ecom-solo/functions/node_modules/firebase-admin/lib/index.js"} {"metadata":{"emulator":{"name":"functions"},"message":"[runtime-status] [1965] Resolved module firebase-admin {\"declared\":true,\"installed\":true,\"version\":\"9.5.0\",\"resolution\":\"/Users/ifloyd/Documents/ecom-solo/functions/node_modules/firebase-admin/lib/index.js\"}"}}
[debug] [2021-02-21T20:02:31.827Z] [runtime-status] [1965] Resolved module firebase-functions {"declared":true,"installed":true,"version":"3.13.1","resolution":"/Users/ifloyd/Documents/ecom-solo/functions/node_modules/firebase-functions/lib/index.js"} {"metadata":{"emulator":{"name":"functions"},"message":"[runtime-status] [1965] Resolved module firebase-functions {\"declared\":true,\"installed\":true,\"version\":\"3.13.1\",\"resolution\":\"/Users/ifloyd/Documents/ecom-solo/functions/node_modules/firebase-functions/lib/index.js\"}"}}
[debug] [2021-02-21T20:02:31.828Z] [runtime-status] [1965] firebase-admin has been stubbed. {"adminResolution":{"declared":true,"installed":true,"version":"9.5.0","resolution":"/Users/ifloyd/Documents/ecom-solo/functions/node_modules/firebase-admin/lib/index.js"}} {"metadata":{"emulator":{"name":"functions"},"message":"[runtime-status] [1965] firebase-admin has been stubbed. {\"adminResolution\":{\"declared\":true,\"installed\":true,\"version\":\"9.5.0\",\"resolution\":\"/Users/ifloyd/Documents/ecom-solo/functions/node_modules/firebase-admin/lib/index.js\"}}"}}
[debug] [2021-02-21T20:02:32.417Z] [worker-~diagnostic~-4d86faff-88df-4f12-b588-445cb8c375e8]: IDLE {"metadata":{"emulator":{"name":"functions"},"message":"[worker-~diagnostic~-4d86faff-88df-4f12-b588-445cb8c375e8]: IDLE"}}
[info] ✔  functions[api]: http function initialized (http://localhost:5001/ecom-solo/us-central1/api). {"metadata":{"emulator":{"name":"functions"},"message":"\u001b[1mhttp\u001b[22m function initialized (http://localhost:5001/ecom-solo/us-central1/api)."}}
[info] 
┌─────────────────────────────────────────────────────────────┐
│ ✔  All emulators ready! It is now safe to connect your app. │
│ i  View Emulator UI at http://localhost:4000                │
└─────────────────────────────────────────────────────────────┘

┌───────────┬────────────────┬─────────────────────────────────┐
│ Emulator  │ Host:Port      │ View in Emulator UI             │
├───────────┼────────────────┼─────────────────────────────────┤
│ Functions │ localhost:5001 │ http://localhost:4000/functions │
└───────────┴────────────────┴─────────────────────────────────┘
  Emulator Hub running at localhost:4400
  Other reserved ports: 4500

Issues? Report them at https://github.com/firebase/firebase-tools/issues and attach the *-debug.log files.
 
[debug] [2021-02-21T20:03:15.530Z] [work-queue] {"queueLength":1,"workRunningCount":0}
[debug] [2021-02-21T20:03:15.530Z] [work-queue] {"queueLength":0,"workRunningCount":1}
[debug] [2021-02-21T20:03:15.531Z] Accepted request OPTIONS /ecom-solo/us-central1/api/payment/create --> api
[debug] [2021-02-21T20:03:15.536Z] [worker-pool] addWorker(api) {"metadata":{"emulator":{"name":"functions"},"message":"[worker-pool] addWorker(api)"}}
[debug] [2021-02-21T20:03:15.537Z] [worker-pool] Adding worker with key api, total=1 {"metadata":{"emulator":{"name":"functions"},"message":"[worker-pool] Adding worker with key api, total=1"}}
[debug] [2021-02-21T20:03:15.537Z] [worker-pool] submitWork(triggerId=api) {"metadata":{"emulator":{"name":"functions"},"message":"[worker-pool] submitWork(triggerId=api)"}}
[debug] [2021-02-21T20:03:15.537Z] [worker-api-f9d46668-b251-4985-972f-c205bb0f078b]: Assigning socketPath: /var/folders/yj/7jzdvxhx5ll9ym_cgw5nl_n80000gn/T/fire_emu_1975.sock {"metadata":{"emulator":{"name":"functions"},"message":"[worker-api-f9d46668-b251-4985-972f-c205bb0f078b]: Assigning socketPath: /var/folders/yj/7jzdvxhx5ll9ym_cgw5nl_n80000gn/T/fire_emu_1975.sock"}}
[debug] [2021-02-21T20:03:15.537Z] [worker-api-f9d46668-b251-4985-972f-c205bb0f078b]: BUSY {"metadata":{"emulator":{"name":"functions"},"message":"[worker-api-f9d46668-b251-4985-972f-c205bb0f078b]: BUSY"}}
[debug] [2021-02-21T20:03:15.711Z] [runtime-status] [1975] Functions runtime initialized. {"cwd":"/Users/ifloyd/Documents/ecom-solo/functions","node_version":"14.15.0"} {"metadata":{"emulator":{"name":"functions"},"function":{"name":"api"},"message":"[runtime-status] [1975] Functions runtime initialized. {\"cwd\":\"/Users/ifloyd/Documents/ecom-solo/functions\",\"node_version\":\"14.15.0\"}"}}
[debug] [2021-02-21T20:03:15.713Z] [runtime-status] [1975] Disabled runtime features: undefined {"metadata":{"emulator":{"name":"functions"},"function":{"name":"api"},"message":"[runtime-status] [1975] Disabled runtime features: undefined"}}
[debug] [2021-02-21T20:03:15.716Z] [runtime-status] [1975] Resolved module firebase-admin {"declared":true,"installed":true,"version":"9.5.0","resolution":"/Users/ifloyd/Documents/ecom-solo/functions/node_modules/firebase-admin/lib/index.js"} {"metadata":{"emulator":{"name":"functions"},"function":{"name":"api"},"message":"[runtime-status] [1975] Resolved module firebase-admin {\"declared\":true,\"installed\":true,\"version\":\"9.5.0\",\"resolution\":\"/Users/ifloyd/Documents/ecom-solo/functions/node_modules/firebase-admin/lib/index.js\"}"}}
[debug] [2021-02-21T20:03:15.717Z] [runtime-status] [1975] Resolved module firebase-functions {"declared":true,"installed":true,"version":"3.13.1","resolution":"/Users/ifloyd/Documents/ecom-solo/functions/node_modules/firebase-functions/lib/index.js"} {"metadata":{"emulator":{"name":"functions"},"function":{"name":"api"},"message":"[runtime-status] [1975] Resolved module firebase-functions {\"declared\":true,\"installed\":true,\"version\":\"3.13.1\",\"resolution\":\"/Users/ifloyd/Documents/ecom-solo/functions/node_modules/firebase-functions/lib/index.js\"}"}}
[debug] [2021-02-21T20:03:15.719Z] [runtime-status] [1975] Resolved module firebase-functions {"declared":true,"installed":true,"version":"3.13.1","resolution":"/Users/ifloyd/Documents/ecom-solo/functions/node_modules/firebase-functions/lib/index.js"} {"metadata":{"emulator":{"name":"functions"},"function":{"name":"api"},"message":"[runtime-status] [1975] Resolved module firebase-functions {\"declared\":true,\"installed\":true,\"version\":\"3.13.1\",\"resolution\":\"/Users/ifloyd/Documents/ecom-solo/functions/node_modules/firebase-functions/lib/index.js\"}"}}
[debug] [2021-02-21T20:03:15.721Z] [runtime-status] [1975] Outgoing network have been stubbed. [{"name":"http","status":"mocked"},{"name":"http","status":"mocked"},{"name":"https","status":"mocked"},{"name":"https","status":"mocked"},{"name":"net","status":"mocked"}] {"metadata":{"emulator":{"name":"functions"},"function":{"name":"api"},"message":"[runtime-status] [1975] Outgoing network have been stubbed. [{\"name\":\"http\",\"status\":\"mocked\"},{\"name\":\"http\",\"status\":\"mocked\"},{\"name\":\"https\",\"status\":\"mocked\"},{\"name\":\"https\",\"status\":\"mocked\"},{\"name\":\"net\",\"status\":\"mocked\"}]"}}
[debug] [2021-02-21T20:03:15.728Z] [runtime-status] [1975] Resolved module firebase-functions {"declared":true,"installed":true,"version":"3.13.1","resolution":"/Users/ifloyd/Documents/ecom-solo/functions/node_modules/firebase-functions/lib/index.js"} {"metadata":{"emulator":{"name":"functions"},"function":{"name":"api"},"message":"[runtime-status] [1975] Resolved module firebase-functions {\"declared\":true,\"installed\":true,\"version\":\"3.13.1\",\"resolution\":\"/Users/ifloyd/Documents/ecom-solo/functions/node_modules/firebase-functions/lib/index.js\"}"}}
[debug] [2021-02-21T20:03:15.767Z] [runtime-status] [1975] Checked functions.config() {"config":{}} {"metadata":{"emulator":{"name":"functions"},"function":{"name":"api"},"message":"[runtime-status] [1975] Checked functions.config() {\"config\":{}}"}}
[debug] [2021-02-21T20:03:15.767Z] [runtime-status] [1975] firebase-functions has been stubbed. {"functionsResolution":{"declared":true,"installed":true,"version":"3.13.1","resolution":"/Users/ifloyd/Documents/ecom-solo/functions/node_modules/firebase-functions/lib/index.js"}} {"metadata":{"emulator":{"name":"functions"},"function":{"name":"api"},"message":"[runtime-status] [1975] firebase-functions has been stubbed. {\"functionsResolution\":{\"declared\":true,\"installed\":true,\"version\":\"3.13.1\",\"resolution\":\"/Users/ifloyd/Documents/ecom-solo/functions/node_modules/firebase-functions/lib/index.js\"}}"}}
[debug] [2021-02-21T20:03:15.767Z] [runtime-status] [1975] Resolved module firebase-functions {"declared":true,"installed":true,"version":"3.13.1","resolution":"/Users/ifloyd/Documents/ecom-solo/functions/node_modules/firebase-functions/lib/index.js"} {"metadata":{"emulator":{"name":"functions"},"function":{"name":"api"},"message":"[runtime-status] [1975] Resolved module firebase-functions {\"declared\":true,\"installed\":true,\"version\":\"3.13.1\",\"resolution\":\"/Users/ifloyd/Documents/ecom-solo/functions/node_modules/firebase-functions/lib/index.js\"}"}}
[debug] [2021-02-21T20:03:15.768Z] [runtime-status] [1975] Resolved module firebase-admin {"declared":true,"installed":true,"version":"9.5.0","resolution":"/Users/ifloyd/Documents/ecom-solo/functions/node_modules/firebase-admin/lib/index.js"} {"metadata":{"emulator":{"name":"functions"},"function":{"name":"api"},"message":"[runtime-status] [1975] Resolved module firebase-admin {\"declared\":true,\"installed\":true,\"version\":\"9.5.0\",\"resolution\":\"/Users/ifloyd/Documents/ecom-solo/functions/node_modules/firebase-admin/lib/index.js\"}"}}
[debug] [2021-02-21T20:03:15.769Z] [runtime-status] [1975] Resolved module firebase-functions {"declared":true,"installed":true,"version":"3.13.1","resolution":"/Users/ifloyd/Documents/ecom-solo/functions/node_modules/firebase-functions/lib/index.js"} {"metadata":{"emulator":{"name":"functions"},"function":{"name":"api"},"message":"[runtime-status] [1975] Resolved module firebase-functions {\"declared\":true,\"installed\":true,\"version\":\"3.13.1\",\"resolution\":\"/Users/ifloyd/Documents/ecom-solo/functions/node_modules/firebase-functions/lib/index.js\"}"}}
[debug] [2021-02-21T20:03:15.769Z] [runtime-status] [1975] firebase-admin has been stubbed. {"adminResolution":{"declared":true,"installed":true,"version":"9.5.0","resolution":"/Users/ifloyd/Documents/ecom-solo/functions/node_modules/firebase-admin/lib/index.js"}} {"metadata":{"emulator":{"name":"functions"},"function":{"name":"api"},"message":"[runtime-status] [1975] firebase-admin has been stubbed. {\"adminResolution\":{\"declared\":true,\"installed\":true,\"version\":\"9.5.0\",\"resolution\":\"/Users/ifloyd/Documents/ecom-solo/functions/node_modules/firebase-admin/lib/index.js\"}}"}}
[debug] [2021-02-21T20:03:15.885Z] [runtime-status] [1975] Trigger "api" has been found, beginning invocation! {"metadata":{"emulator":{"name":"functions"},"function":{"name":"api"},"message":"[runtime-status] [1975] Trigger \"api\" has been found, beginning invocation!"}}
[info] i  functions: Beginning execution of "api" {"metadata":{"emulator":{"name":"functions"},"function":{"name":"api"},"message":"Beginning execution of \"api\""}}
[debug] [2021-02-21T20:03:15.886Z] [runtime-status] [1975] triggerDefinition {"httpsTrigger":{},"name":"api","entryPoint":"api"} {"metadata":{"emulator":{"name":"functions"},"function":{"name":"api"},"message":"[runtime-status] [1975] triggerDefinition {\"httpsTrigger\":{},\"name\":\"api\",\"entryPoint\":\"api\"}"}}
[debug] [2021-02-21T20:03:15.886Z] [runtime-status] [1975] Running api in mode HTTPS {"metadata":{"emulator":{"name":"functions"},"function":{"name":"api"},"message":"[runtime-status] [1975] Running api in mode HTTPS"}}
[debug] [2021-02-21T20:03:15.889Z] [runtime-status] [1975] Attempting to listen to socketPath: /var/folders/yj/7jzdvxhx5ll9ym_cgw5nl_n80000gn/T/fire_emu_1975.sock {"metadata":{"emulator":{"name":"functions"},"function":{"name":"api"},"message":"[runtime-status] [1975] Attempting to listen to socketPath: /var/folders/yj/7jzdvxhx5ll9ym_cgw5nl_n80000gn/T/fire_emu_1975.sock"}}
[debug] [2021-02-21T20:03:15.893Z] [functions] Runtime ready! Sending request! {"metadata":{"emulator":{"name":"functions"},"message":"[functions] Runtime ready! Sending request!"}}
[debug] [2021-02-21T20:03:15.894Z] [functions] Got req.url=/ecom-solo/us-central1/api/payment/create, mapping to path=/payment/create {"metadata":{"emulator":{"name":"functions"},"message":"[functions] Got req.url=/ecom-solo/us-central1/api/payment/create, mapping to path=/payment/create"}}
[debug] [2021-02-21T20:03:15.906Z] [runtime-status] [1975] Ephemeral server handling OPTIONS request {"metadata":{"emulator":{"name":"functions"},"function":{"name":"api"},"message":"[runtime-status] [1975] Ephemeral server handling OPTIONS request"}}
[debug] [2021-02-21T20:03:15.913Z] [runtime-status] [1975] Ephemeral server survived. {"metadata":{"emulator":{"name":"functions"},"function":{"name":"api"},"message":"[runtime-status] [1975] Ephemeral server survived."}}
[debug] [2021-02-21T20:03:15.916Z] [work-queue] {"queueLength":1,"workRunningCount":1}
[debug] [2021-02-21T20:03:15.916Z] [work-queue] {"queueLength":0,"workRunningCount":2}
[debug] [2021-02-21T20:03:15.916Z] Accepted request POST /ecom-solo/us-central1/api/payment/create --> api
[debug] [2021-02-21T20:03:15.923Z] [worker-pool] addWorker(api) {"metadata":{"emulator":{"name":"functions"},"message":"[worker-pool] addWorker(api)"}}
[debug] [2021-02-21T20:03:15.924Z] [worker-pool] Adding worker with key api, total=2 {"metadata":{"emulator":{"name":"functions"},"message":"[worker-pool] Adding worker with key api, total=2"}}
[debug] [2021-02-21T20:03:15.924Z] [worker-pool] submitWork(triggerId=api) {"metadata":{"emulator":{"name":"functions"},"message":"[worker-pool] submitWork(triggerId=api)"}}
[debug] [2021-02-21T20:03:15.924Z] [worker-api-1d96d469-d7e4-40e9-ae22-ee1a2bb83c30]: Assigning socketPath: /var/folders/yj/7jzdvxhx5ll9ym_cgw5nl_n80000gn/T/fire_emu_1976.sock {"metadata":{"emulator":{"name":"functions"},"message":"[worker-api-1d96d469-d7e4-40e9-ae22-ee1a2bb83c30]: Assigning socketPath: /var/folders/yj/7jzdvxhx5ll9ym_cgw5nl_n80000gn/T/fire_emu_1976.sock"}}
[debug] [2021-02-21T20:03:15.924Z] [worker-api-1d96d469-d7e4-40e9-ae22-ee1a2bb83c30]: BUSY {"metadata":{"emulator":{"name":"functions"},"message":"[worker-api-1d96d469-d7e4-40e9-ae22-ee1a2bb83c30]: BUSY"}}
[info] i  functions: Finished "api" in ~1s {"metadata":{"emulator":{"name":"functions"},"function":{"name":"api"},"message":"Finished \"api\" in ~1s"}}
[debug] [2021-02-21T20:03:15.925Z] [worker-api-f9d46668-b251-4985-972f-c205bb0f078b]: IDLE {"metadata":{"emulator":{"name":"functions"},"message":"[worker-api-f9d46668-b251-4985-972f-c205bb0f078b]: IDLE"}}
[debug] [2021-02-21T20:03:15.926Z] [work-queue] {"queueLength":0,"workRunningCount":1}
[debug] [2021-02-21T20:03:16.107Z] [runtime-status] [1976] Functions runtime initialized. {"cwd":"/Users/ifloyd/Documents/ecom-solo/functions","node_version":"14.15.0"} {"metadata":{"emulator":{"name":"functions"},"function":{"name":"api"},"message":"[runtime-status] [1976] Functions runtime initialized. {\"cwd\":\"/Users/ifloyd/Documents/ecom-solo/functions\",\"node_version\":\"14.15.0\"}"}}
[debug] [2021-02-21T20:03:16.109Z] [runtime-status] [1976] Disabled runtime features: undefined {"metadata":{"emulator":{"name":"functions"},"function":{"name":"api"},"message":"[runtime-status] [1976] Disabled runtime features: undefined"}}
[debug] [2021-02-21T20:03:16.112Z] [runtime-status] [1976] Resolved module firebase-admin {"declared":true,"installed":true,"version":"9.5.0","resolution":"/Users/ifloyd/Documents/ecom-solo/functions/node_modules/firebase-admin/lib/index.js"} {"metadata":{"emulator":{"name":"functions"},"function":{"name":"api"},"message":"[runtime-status] [1976] Resolved module firebase-admin {\"declared\":true,\"installed\":true,\"version\":\"9.5.0\",\"resolution\":\"/Users/ifloyd/Documents/ecom-solo/functions/node_modules/firebase-admin/lib/index.js\"}"}}
[debug] [2021-02-21T20:03:16.113Z] [runtime-status] [1976] Resolved module firebase-functions {"declared":true,"installed":true,"version":"3.13.1","resolution":"/Users/ifloyd/Documents/ecom-solo/functions/node_modules/firebase-functions/lib/index.js"} {"metadata":{"emulator":{"name":"functions"},"function":{"name":"api"},"message":"[runtime-status] [1976] Resolved module firebase-functions {\"declared\":true,\"installed\":true,\"version\":\"3.13.1\",\"resolution\":\"/Users/ifloyd/Documents/ecom-solo/functions/node_modules/firebase-functions/lib/index.js\"}"}}
[debug] [2021-02-21T20:03:16.115Z] [runtime-status] [1976] Resolved module firebase-functions {"declared":true,"installed":true,"version":"3.13.1","resolution":"/Users/ifloyd/Documents/ecom-solo/functions/node_modules/firebase-functions/lib/index.js"} {"metadata":{"emulator":{"name":"functions"},"function":{"name":"api"},"message":"[runtime-status] [1976] Resolved module firebase-functions {\"declared\":true,\"installed\":true,\"version\":\"3.13.1\",\"resolution\":\"/Users/ifloyd/Documents/ecom-solo/functions/node_modules/firebase-functions/lib/index.js\"}"}}
[debug] [2021-02-21T20:03:16.117Z] [runtime-status] [1976] Outgoing network have been stubbed. [{"name":"http","status":"mocked"},{"name":"http","status":"mocked"},{"name":"https","status":"mocked"},{"name":"https","status":"mocked"},{"name":"net","status":"mocked"}] {"metadata":{"emulator":{"name":"functions"},"function":{"name":"api"},"message":"[runtime-status] [1976] Outgoing network have been stubbed. [{\"name\":\"http\",\"status\":\"mocked\"},{\"name\":\"http\",\"status\":\"mocked\"},{\"name\":\"https\",\"status\":\"mocked\"},{\"name\":\"https\",\"status\":\"mocked\"},{\"name\":\"net\",\"status\":\"mocked\"}]"}}
[debug] [2021-02-21T20:03:16.125Z] [runtime-status] [1976] Resolved module firebase-functions {"declared":true,"installed":true,"version":"3.13.1","resolution":"/Users/ifloyd/Documents/ecom-solo/functions/node_modules/firebase-functions/lib/index.js"} {"metadata":{"emulator":{"name":"functions"},"function":{"name":"api"},"message":"[runtime-status] [1976] Resolved module firebase-functions {\"declared\":true,\"installed\":true,\"version\":\"3.13.1\",\"resolution\":\"/Users/ifloyd/Documents/ecom-solo/functions/node_modules/firebase-functions/lib/index.js\"}"}}
[debug] [2021-02-21T20:03:16.167Z] [runtime-status] [1976] Checked functions.config() {"config":{}} {"metadata":{"emulator":{"name":"functions"},"function":{"name":"api"},"message":"[runtime-status] [1976] Checked functions.config() {\"config\":{}}"}}
[debug] [2021-02-21T20:03:16.167Z] [runtime-status] [1976] firebase-functions has been stubbed. {"functionsResolution":{"declared":true,"installed":true,"version":"3.13.1","resolution":"/Users/ifloyd/Documents/ecom-solo/functions/node_modules/firebase-functions/lib/index.js"}} {"metadata":{"emulator":{"name":"functions"},"function":{"name":"api"},"message":"[runtime-status] [1976] firebase-functions has been stubbed. {\"functionsResolution\":{\"declared\":true,\"installed\":true,\"version\":\"3.13.1\",\"resolution\":\"/Users/ifloyd/Documents/ecom-solo/functions/node_modules/firebase-functions/lib/index.js\"}}"}}
[debug] [2021-02-21T20:03:16.168Z] [runtime-status] [1976] Resolved module firebase-functions {"declared":true,"installed":true,"version":"3.13.1","resolution":"/Users/ifloyd/Documents/ecom-solo/functions/node_modules/firebase-functions/lib/index.js"} {"metadata":{"emulator":{"name":"functions"},"function":{"name":"api"},"message":"[runtime-status] [1976] Resolved module firebase-functions {\"declared\":true,\"installed\":true,\"version\":\"3.13.1\",\"resolution\":\"/Users/ifloyd/Documents/ecom-solo/functions/node_modules/firebase-functions/lib/index.js\"}"}}
[debug] [2021-02-21T20:03:16.169Z] [runtime-status] [1976] Resolved module firebase-admin {"declared":true,"installed":true,"version":"9.5.0","resolution":"/Users/ifloyd/Documents/ecom-solo/functions/node_modules/firebase-admin/lib/index.js"} {"metadata":{"emulator":{"name":"functions"},"function":{"name":"api"},"message":"[runtime-status] [1976] Resolved module firebase-admin {\"declared\":true,\"installed\":true,\"version\":\"9.5.0\",\"resolution\":\"/Users/ifloyd/Documents/ecom-solo/functions/node_modules/firebase-admin/lib/index.js\"}"}}
[debug] [2021-02-21T20:03:16.169Z] [runtime-status] [1976] Resolved module firebase-functions {"declared":true,"installed":true,"version":"3.13.1","resolution":"/Users/ifloyd/Documents/ecom-solo/functions/node_modules/firebase-functions/lib/index.js"} {"metadata":{"emulator":{"name":"functions"},"function":{"name":"api"},"message":"[runtime-status] [1976] Resolved module firebase-functions {\"declared\":true,\"installed\":true,\"version\":\"3.13.1\",\"resolution\":\"/Users/ifloyd/Documents/ecom-solo/functions/node_modules/firebase-functions/lib/index.js\"}"}}
[debug] [2021-02-21T20:03:16.170Z] [runtime-status] [1976] firebase-admin has been stubbed. {"adminResolution":{"declared":true,"installed":true,"version":"9.5.0","resolution":"/Users/ifloyd/Documents/ecom-solo/functions/node_modules/firebase-admin/lib/index.js"}} {"metadata":{"emulator":{"name":"functions"},"function":{"name":"api"},"message":"[runtime-status] [1976] firebase-admin has been stubbed. {\"adminResolution\":{\"declared\":true,\"installed\":true,\"version\":\"9.5.0\",\"resolution\":\"/Users/ifloyd/Documents/ecom-solo/functions/node_modules/firebase-admin/lib/index.js\"}}"}}
[debug] [2021-02-21T20:03:16.288Z] [runtime-status] [1976] Trigger "api" has been found, beginning invocation! {"metadata":{"emulator":{"name":"functions"},"function":{"name":"api"},"message":"[runtime-status] [1976] Trigger \"api\" has been found, beginning invocation!"}}
[info] i  functions: Beginning execution of "api" {"metadata":{"emulator":{"name":"functions"},"function":{"name":"api"},"message":"Beginning execution of \"api\""}}
[debug] [2021-02-21T20:03:16.289Z] [runtime-status] [1976] triggerDefinition {"httpsTrigger":{},"name":"api","entryPoint":"api"} {"metadata":{"emulator":{"name":"functions"},"function":{"name":"api"},"message":"[runtime-status] [1976] triggerDefinition {\"httpsTrigger\":{},\"name\":\"api\",\"entryPoint\":\"api\"}"}}
[debug] [2021-02-21T20:03:16.289Z] [runtime-status] [1976] Running api in mode HTTPS {"metadata":{"emulator":{"name":"functions"},"function":{"name":"api"},"message":"[runtime-status] [1976] Running api in mode HTTPS"}}
[debug] [2021-02-21T20:03:16.293Z] [runtime-status] [1976] Attempting to listen to socketPath: /var/folders/yj/7jzdvxhx5ll9ym_cgw5nl_n80000gn/T/fire_emu_1976.sock {"metadata":{"emulator":{"name":"functions"},"function":{"name":"api"},"message":"[runtime-status] [1976] Attempting to listen to socketPath: /var/folders/yj/7jzdvxhx5ll9ym_cgw5nl_n80000gn/T/fire_emu_1976.sock"}}
[debug] [2021-02-21T20:03:16.297Z] [functions] Runtime ready! Sending request! {"metadata":{"emulator":{"name":"functions"},"message":"[functions] Runtime ready! Sending request!"}}
[debug] [2021-02-21T20:03:16.297Z] [functions] Got req.url=/ecom-solo/us-central1/api/payment/create, mapping to path=/payment/create {"metadata":{"emulator":{"name":"functions"},"message":"[functions] Got req.url=/ecom-solo/us-central1/api/payment/create, mapping to path=/payment/create"}}
[debug] [2021-02-21T20:03:16.336Z] [runtime-status] [1976] Ephemeral server handling POST request {"metadata":{"emulator":{"name":"functions"},"function":{"name":"api"},"message":"[runtime-status] [1976] Ephemeral server handling POST request"}}
[debug] [2021-02-21T20:03:16.352Z] [runtime-status] [1976] Ephemeral server survived. {"metadata":{"emulator":{"name":"functions"},"function":{"name":"api"},"message":"[runtime-status] [1976] Ephemeral server survived."}}
[info] i  functions: Finished "api" in ~1s {"metadata":{"emulator":{"name":"functions"},"function":{"name":"api"},"message":"Finished \"api\" in ~1s"}}
[debug] [2021-02-21T20:03:17.594Z] [worker-api-1d96d469-d7e4-40e9-ae22-ee1a2bb83c30]: IDLE {"metadata":{"emulator":{"name":"functions"},"message":"[worker-api-1d96d469-d7e4-40e9-ae22-ee1a2bb83c30]: IDLE"}}
[debug] [2021-02-21T20:03:17.595Z] [work-queue] {"queueLength":0,"workRunningCount":0}
[debug] [2021-02-21T20:21:58.415Z] [work-queue] {"queueLength":1,"workRunningCount":0}
[debug] [2021-02-21T20:21:58.416Z] [work-queue] {"queueLength":0,"workRunningCount":1}
[debug] [2021-02-21T20:21:58.416Z] Accepted request OPTIONS /ecom-solo/us-central1/api/payment/create --> api
[debug] [2021-02-21T20:21:58.417Z] [worker-pool] submitWork(triggerId=api) {"metadata":{"emulator":{"name":"functions"},"message":"[worker-pool] submitWork(triggerId=api)"}}
[debug] [2021-02-21T20:21:58.418Z] [worker-api-f9d46668-b251-4985-972f-c205bb0f078b]: Assigning socketPath: /var/folders/yj/7jzdvxhx5ll9ym_cgw5nl_n80000gn/T/fire_emu_1975.sock {"metadata":{"emulator":{"name":"functions"},"message":"[worker-api-f9d46668-b251-4985-972f-c205bb0f078b]: Assigning socketPath: /var/folders/yj/7jzdvxhx5ll9ym_cgw5nl_n80000gn/T/fire_emu_1975.sock"}}
[debug] [2021-02-21T20:21:58.418Z] [worker-api-f9d46668-b251-4985-972f-c205bb0f078b]: BUSY {"metadata":{"emulator":{"name":"functions"},"message":"[worker-api-f9d46668-b251-4985-972f-c205bb0f078b]: BUSY"}}
[debug] [2021-02-21T20:21:58.420Z] [runtime-status] [1975] Trigger "api" has been found, beginning invocation! {"metadata":{"emulator":{"name":"functions"},"function":{"name":"api"},"message":"[runtime-status] [1975] Trigger \"api\" has been found, beginning invocation!"}}
[info] i  functions: Beginning execution of "api" {"metadata":{"emulator":{"name":"functions"},"function":{"name":"api"},"message":"Beginning execution of \"api\""}}
[debug] [2021-02-21T20:21:58.421Z] [runtime-status] [1975] triggerDefinition {"httpsTrigger":{},"name":"api","entryPoint":"api"} {"metadata":{"emulator":{"name":"functions"},"function":{"name":"api"},"message":"[runtime-status] [1975] triggerDefinition {\"httpsTrigger\":{},\"name\":\"api\",\"entryPoint\":\"api\"}"}}
[debug] [2021-02-21T20:21:58.421Z] [runtime-status] [1975] Running api in mode HTTPS {"metadata":{"emulator":{"name":"functions"},"function":{"name":"api"},"message":"[runtime-status] [1975] Running api in mode HTTPS"}}
[debug] [2021-02-21T20:21:58.422Z] [runtime-status] [1975] Attempting to listen to socketPath: /var/folders/yj/7jzdvxhx5ll9ym_cgw5nl_n80000gn/T/fire_emu_1975.sock {"metadata":{"emulator":{"name":"functions"},"function":{"name":"api"},"message":"[runtime-status] [1975] Attempting to listen to socketPath: /var/folders/yj/7jzdvxhx5ll9ym_cgw5nl_n80000gn/T/fire_emu_1975.sock"}}
[debug] [2021-02-21T20:21:58.425Z] [functions] Runtime ready! Sending request! {"metadata":{"emulator":{"name":"functions"},"message":"[functions] Runtime ready! Sending request!"}}
[debug] [2021-02-21T20:21:58.426Z] [functions] Got req.url=/ecom-solo/us-central1/api/payment/create, mapping to path=/payment/create {"metadata":{"emulator":{"name":"functions"},"message":"[functions] Got req.url=/ecom-solo/us-central1/api/payment/create, mapping to path=/payment/create"}}
[debug] [2021-02-21T20:21:58.432Z] [runtime-status] [1975] Ephemeral server handling OPTIONS request {"metadata":{"emulator":{"name":"functions"},"function":{"name":"api"},"message":"[runtime-status] [1975] Ephemeral server handling OPTIONS request"}}
[debug] [2021-02-21T20:21:58.437Z] [runtime-status] [1975] Ephemeral server survived. {"metadata":{"emulator":{"name":"functions"},"function":{"name":"api"},"message":"[runtime-status] [1975] Ephemeral server survived."}}
[debug] [2021-02-21T20:21:58.437Z] [work-queue] {"queueLength":1,"workRunningCount":1}
[debug] [2021-02-21T20:21:58.438Z] [work-queue] {"queueLength":0,"workRunningCount":2}
[debug] [2021-02-21T20:21:58.438Z] Accepted request POST /ecom-solo/us-central1/api/payment/create --> api
[debug] [2021-02-21T20:21:58.438Z] [worker-pool] submitWork(triggerId=api) {"metadata":{"emulator":{"name":"functions"},"message":"[worker-pool] submitWork(triggerId=api)"}}
[debug] [2021-02-21T20:21:58.438Z] [worker-api-1d96d469-d7e4-40e9-ae22-ee1a2bb83c30]: Assigning socketPath: /var/folders/yj/7jzdvxhx5ll9ym_cgw5nl_n80000gn/T/fire_emu_1976.sock {"metadata":{"emulator":{"name":"functions"},"message":"[worker-api-1d96d469-d7e4-40e9-ae22-ee1a2bb83c30]: Assigning socketPath: /var/folders/yj/7jzdvxhx5ll9ym_cgw5nl_n80000gn/T/fire_emu_1976.sock"}}
[debug] [2021-02-21T20:21:58.438Z] [worker-api-1d96d469-d7e4-40e9-ae22-ee1a2bb83c30]: BUSY {"metadata":{"emulator":{"name":"functions"},"message":"[worker-api-1d96d469-d7e4-40e9-ae22-ee1a2bb83c30]: BUSY"}}
[info] i  functions: Finished "api" in ~1s {"metadata":{"emulator":{"name":"functions"},"function":{"name":"api"},"message":"Finished \"api\" in ~1s"}}
[debug] [2021-02-21T20:21:58.439Z] [worker-api-f9d46668-b251-4985-972f-c205bb0f078b]: IDLE {"metadata":{"emulator":{"name":"functions"},"message":"[worker-api-f9d46668-b251-4985-972f-c205bb0f078b]: IDLE"}}
[debug] [2021-02-21T20:21:58.439Z] [work-queue] {"queueLength":0,"workRunningCount":1}
[debug] [2021-02-21T20:21:58.440Z] [runtime-status] [1976] Trigger "api" has been found, beginning invocation! {"metadata":{"emulator":{"name":"functions"},"function":{"name":"api"},"message":"[runtime-status] [1976] Trigger \"api\" has been found, beginning invocation!"}}
[info] i  functions: Beginning execution of "api" {"metadata":{"emulator":{"name":"functions"},"function":{"name":"api"},"message":"Beginning execution of \"api\""}}
[debug] [2021-02-21T20:21:58.440Z] [runtime-status] [1976] triggerDefinition {"httpsTrigger":{},"name":"api","entryPoint":"api"} {"metadata":{"emulator":{"name":"functions"},"function":{"name":"api"},"message":"[runtime-status] [1976] triggerDefinition {\"httpsTrigger\":{},\"name\":\"api\",\"entryPoint\":\"api\"}"}}
[debug] [2021-02-21T20:21:58.440Z] [runtime-status] [1976] Running api in mode HTTPS {"metadata":{"emulator":{"name":"functions"},"function":{"name":"api"},"message":"[runtime-status] [1976] Running api in mode HTTPS"}}
[debug] [2021-02-21T20:21:58.441Z] [runtime-status] [1976] Attempting to listen to socketPath: /var/folders/yj/7jzdvxhx5ll9ym_cgw5nl_n80000gn/T/fire_emu_1976.sock {"metadata":{"emulator":{"name":"functions"},"function":{"name":"api"},"message":"[runtime-status] [1976] Attempting to listen to socketPath: /var/folders/yj/7jzdvxhx5ll9ym_cgw5nl_n80000gn/T/fire_emu_1976.sock"}}
[debug] [2021-02-21T20:21:58.442Z] [functions] Runtime ready! Sending request! {"metadata":{"emulator":{"name":"functions"},"message":"[functions] Runtime ready! Sending request!"}}
[debug] [2021-02-21T20:21:58.442Z] [functions] Got req.url=/ecom-solo/us-central1/api/payment/create, mapping to path=/payment/create {"metadata":{"emulator":{"name":"functions"},"message":"[functions] Got req.url=/ecom-solo/us-central1/api/payment/create, mapping to path=/payment/create"}}
[debug] [2021-02-21T20:21:58.448Z] [runtime-status] [1976] Ephemeral server handling POST request {"metadata":{"emulator":{"name":"functions"},"function":{"name":"api"},"message":"[runtime-status] [1976] Ephemeral server handling POST request"}}
[debug] [2021-02-21T20:21:58.452Z] [runtime-status] [1976] Ephemeral server survived. {"metadata":{"emulator":{"name":"functions"},"function":{"name":"api"},"message":"[runtime-status] [1976] Ephemeral server survived."}}
[info] i  functions: Finished "api" in ~1s {"metadata":{"emulator":{"name":"functions"},"function":{"name":"api"},"message":"Finished \"api\" in ~1s"}}
[debug] [2021-02-21T20:21:59.598Z] [worker-api-1d96d469-d7e4-40e9-ae22-ee1a2bb83c30]: IDLE {"metadata":{"emulator":{"name":"functions"},"message":"[worker-api-1d96d469-d7e4-40e9-ae22-ee1a2bb83c30]: IDLE"}}
[debug] [2021-02-21T20:21:59.599Z] [work-queue] {"queueLength":0,"workRunningCount":0}
[debug] [2021-02-21T20:57:48.339Z] [work-queue] {"queueLength":1,"workRunningCount":0}
[debug] [2021-02-21T20:57:48.342Z] [work-queue] {"queueLength":0,"workRunningCount":1}
[debug] [2021-02-21T20:57:48.342Z] Accepted request OPTIONS /ecom-solo/us-central1/api/payment/create --> api
[debug] [2021-02-21T20:57:48.342Z] [worker-pool] submitWork(triggerId=api) {"metadata":{"emulator":{"name":"functions"},"message":"[worker-pool] submitWork(triggerId=api)"}}
[debug] [2021-02-21T20:57:48.343Z] [worker-api-f9d46668-b251-4985-972f-c205bb0f078b]: Assigning socketPath: /var/folders/yj/7jzdvxhx5ll9ym_cgw5nl_n80000gn/T/fire_emu_1975.sock {"metadata":{"emulator":{"name":"functions"},"message":"[worker-api-f9d46668-b251-4985-972f-c205bb0f078b]: Assigning socketPath: /var/folders/yj/7jzdvxhx5ll9ym_cgw5nl_n80000gn/T/fire_emu_1975.sock"}}
[debug] [2021-02-21T20:57:48.343Z] [worker-api-f9d46668-b251-4985-972f-c205bb0f078b]: BUSY {"metadata":{"emulator":{"name":"functions"},"message":"[worker-api-f9d46668-b251-4985-972f-c205bb0f078b]: BUSY"}}
[debug] [2021-02-21T20:57:48.345Z] [runtime-status] [1975] Trigger "api" has been found, beginning invocation! {"metadata":{"emulator":{"name":"functions"},"function":{"name":"api"},"message":"[runtime-status] [1975] Trigger \"api\" has been found, beginning invocation!"}}
[info] i  functions: Beginning execution of "api" {"metadata":{"emulator":{"name":"functions"},"function":{"name":"api"},"message":"Beginning execution of \"api\""}}
[debug] [2021-02-21T20:57:48.346Z] [runtime-status] [1975] triggerDefinition {"httpsTrigger":{},"name":"api","entryPoint":"api"} {"metadata":{"emulator":{"name":"functions"},"function":{"name":"api"},"message":"[runtime-status] [1975] triggerDefinition {\"httpsTrigger\":{},\"name\":\"api\",\"entryPoint\":\"api\"}"}}
[debug] [2021-02-21T20:57:48.346Z] [runtime-status] [1975] Running api in mode HTTPS {"metadata":{"emulator":{"name":"functions"},"function":{"name":"api"},"message":"[runtime-status] [1975] Running api in mode HTTPS"}}
[debug] [2021-02-21T20:57:48.346Z] [runtime-status] [1975] Attempting to listen to socketPath: /var/folders/yj/7jzdvxhx5ll9ym_cgw5nl_n80000gn/T/fire_emu_1975.sock {"metadata":{"emulator":{"name":"functions"},"function":{"name":"api"},"message":"[runtime-status] [1975] Attempting to listen to socketPath: /var/folders/yj/7jzdvxhx5ll9ym_cgw5nl_n80000gn/T/fire_emu_1975.sock"}}
[debug] [2021-02-21T20:57:48.348Z] [functions] Runtime ready! Sending request! {"metadata":{"emulator":{"name":"functions"},"message":"[functions] Runtime ready! Sending request!"}}
[debug] [2021-02-21T20:57:48.349Z] [functions] Got req.url=/ecom-solo/us-central1/api/payment/create, mapping to path=/payment/create {"metadata":{"emulator":{"name":"functions"},"message":"[functions] Got req.url=/ecom-solo/us-central1/api/payment/create, mapping to path=/payment/create"}}
[debug] [2021-02-21T20:57:48.353Z] [runtime-status] [1975] Ephemeral server handling OPTIONS request {"metadata":{"emulator":{"name":"functions"},"function":{"name":"api"},"message":"[runtime-status] [1975] Ephemeral server handling OPTIONS request"}}
[debug] [2021-02-21T20:57:48.354Z] [runtime-status] [1975] Ephemeral server survived. {"metadata":{"emulator":{"name":"functions"},"function":{"name":"api"},"message":"[runtime-status] [1975] Ephemeral server survived."}}
[info] i  functions: Finished "api" in ~1s {"metadata":{"emulator":{"name":"functions"},"function":{"name":"api"},"message":"Finished \"api\" in ~1s"}}
[debug] [2021-02-21T20:57:48.360Z] [worker-api-f9d46668-b251-4985-972f-c205bb0f078b]: IDLE {"metadata":{"emulator":{"name":"functions"},"message":"[worker-api-f9d46668-b251-4985-972f-c205bb0f078b]: IDLE"}}
[debug] [2021-02-21T20:57:48.361Z] [work-queue] {"queueLength":0,"workRunningCount":0}
[debug] [2021-02-21T20:57:48.363Z] [work-queue] {"queueLength":1,"workRunningCount":0}
[debug] [2021-02-21T20:57:48.363Z] [work-queue] {"queueLength":0,"workRunningCount":1}
[debug] [2021-02-21T20:57:48.363Z] Accepted request POST /ecom-solo/us-central1/api/payment/create --> api
[debug] [2021-02-21T20:57:48.364Z] [worker-pool] submitWork(triggerId=api) {"metadata":{"emulator":{"name":"functions"},"message":"[worker-pool] submitWork(triggerId=api)"}}
[debug] [2021-02-21T20:57:48.364Z] [worker-api-f9d46668-b251-4985-972f-c205bb0f078b]: Assigning socketPath: /var/folders/yj/7jzdvxhx5ll9ym_cgw5nl_n80000gn/T/fire_emu_1975.sock {"metadata":{"emulator":{"name":"functions"},"message":"[worker-api-f9d46668-b251-4985-972f-c205bb0f078b]: Assigning socketPath: /var/folders/yj/7jzdvxhx5ll9ym_cgw5nl_n80000gn/T/fire_emu_1975.sock"}}
[debug] [2021-02-21T20:57:48.364Z] [worker-api-f9d46668-b251-4985-972f-c205bb0f078b]: BUSY {"metadata":{"emulator":{"name":"functions"},"message":"[worker-api-f9d46668-b251-4985-972f-c205bb0f078b]: BUSY"}}
[debug] [2021-02-21T20:57:48.365Z] [runtime-status] [1975] Trigger "api" has been found, beginning invocation! {"metadata":{"emulator":{"name":"functions"},"function":{"name":"api"},"message":"[runtime-status] [1975] Trigger \"api\" has been found, beginning invocation!"}}
[info] i  functions: Beginning execution of "api" {"metadata":{"emulator":{"name":"functions"},"function":{"name":"api"},"message":"Beginning execution of \"api\""}}
[debug] [2021-02-21T20:57:48.366Z] [runtime-status] [1975] triggerDefinition {"httpsTrigger":{},"name":"api","entryPoint":"api"} {"metadata":{"emulator":{"name":"functions"},"function":{"name":"api"},"message":"[runtime-status] [1975] triggerDefinition {\"httpsTrigger\":{},\"name\":\"api\",\"entryPoint\":\"api\"}"}}
[debug] [2021-02-21T20:57:48.366Z] [runtime-status] [1975] Running api in mode HTTPS {"metadata":{"emulator":{"name":"functions"},"function":{"name":"api"},"message":"[runtime-status] [1975] Running api in mode HTTPS"}}
[debug] [2021-02-21T20:57:48.367Z] [runtime-status] [1975] Attempting to listen to socketPath: /var/folders/yj/7jzdvxhx5ll9ym_cgw5nl_n80000gn/T/fire_emu_1975.sock {"metadata":{"emulator":{"name":"functions"},"function":{"name":"api"},"message":"[runtime-status] [1975] Attempting to listen to socketPath: /var/folders/yj/7jzdvxhx5ll9ym_cgw5nl_n80000gn/T/fire_emu_1975.sock"}}
[debug] [2021-02-21T20:57:48.368Z] [functions] Runtime ready! Sending request! {"metadata":{"emulator":{"name":"functions"},"message":"[functions] Runtime ready! Sending request!"}}
[debug] [2021-02-21T20:57:48.368Z] [functions] Got req.url=/ecom-solo/us-central1/api/payment/create, mapping to path=/payment/create {"metadata":{"emulator":{"name":"functions"},"message":"[functions] Got req.url=/ecom-solo/us-central1/api/payment/create, mapping to path=/payment/create"}}
[debug] [2021-02-21T20:57:48.412Z] [runtime-status] [1975] Ephemeral server handling POST request {"metadata":{"emulator":{"name":"functions"},"function":{"name":"api"},"message":"[runtime-status] [1975] Ephemeral server handling POST request"}}
[debug] [2021-02-21T20:57:48.424Z] [runtime-status] [1975] Ephemeral server survived. {"metadata":{"emulator":{"name":"functions"},"function":{"name":"api"},"message":"[runtime-status] [1975] Ephemeral server survived."}}
[info] i  functions: Finished "api" in ~1s {"metadata":{"emulator":{"name":"functions"},"function":{"name":"api"},"message":"Finished \"api\" in ~1s"}}
[debug] [2021-02-21T20:57:49.623Z] [worker-api-f9d46668-b251-4985-972f-c205bb0f078b]: IDLE {"metadata":{"emulator":{"name":"functions"},"message":"[worker-api-f9d46668-b251-4985-972f-c205bb0f078b]: IDLE"}}
[debug] [2021-02-21T20:57:49.624Z] [work-queue] {"queueLength":0,"workRunningCount":0}
